[debug] [2022-10-23T06:53:47.622Z] ----------------------------------------------------------------------
[debug] [2022-10-23T06:53:47.626Z] Command:       C:\Program Files\nodejs\node.exe C:\Users\adity\AppData\Roaming\npm\node_modules\firebase-tools\lib\bin\firebase.js deploy
[debug] [2022-10-23T06:53:47.627Z] CLI Version:   11.15.0
[debug] [2022-10-23T06:53:47.627Z] Platform:      win32
[debug] [2022-10-23T06:53:47.627Z] Node Version:  v16.18.0
[debug] [2022-10-23T06:53:47.632Z] Time:          Sun Oct 23 2022 12:23:47 GMT+0530 (India Standard Time)
[debug] [2022-10-23T06:53:47.632Z] ----------------------------------------------------------------------
[debug] 
[debug] [2022-10-23T06:53:47.747Z] > command requires scopes: ["email","openid","https://www.googleapis.com/auth/cloudplatformprojects.readonly","https://www.googleapis.com/auth/firebase","https://www.googleapis.com/auth/cloud-platform"]
[debug] [2022-10-23T06:53:47.748Z] > authorizing via signed-in user (adityatripathi.at04@gmail.com)
[debug] [2022-10-23T06:53:47.748Z] [iam] checking project confluence2023 for permissions ["firebase.projects.get","firebasehosting.sites.update"]
[debug] [2022-10-23T06:53:47.750Z] > refreshing access token with scopes: []
[debug] [2022-10-23T06:53:47.753Z] >>> [apiv2][query] POST https://www.googleapis.com/oauth2/v3/token [none]
[debug] [2022-10-23T06:53:47.753Z] >>> [apiv2][body] POST https://www.googleapis.com/oauth2/v3/token [omitted]
[debug] [2022-10-23T06:53:48.229Z] <<< [apiv2][status] POST https://www.googleapis.com/oauth2/v3/token 200
[debug] [2022-10-23T06:53:48.230Z] <<< [apiv2][body] POST https://www.googleapis.com/oauth2/v3/token [omitted]
[debug] [2022-10-23T06:53:48.245Z] >>> [apiv2][query] POST https://cloudresourcemanager.googleapis.com/v1/projects/confluence2023:testIamPermissions [none]
[debug] [2022-10-23T06:53:48.245Z] >>> [apiv2][(partial)header] POST https://cloudresourcemanager.googleapis.com/v1/projects/confluence2023:testIamPermissions x-goog-quota-user=projects/confluence2023
[debug] [2022-10-23T06:53:48.246Z] >>> [apiv2][body] POST https://cloudresourcemanager.googleapis.com/v1/projects/confluence2023:testIamPermissions {"permissions":["firebase.projects.get","firebasehosting.sites.update"]}
[debug] [2022-10-23T06:53:50.009Z] <<< [apiv2][status] POST https://cloudresourcemanager.googleapis.com/v1/projects/confluence2023:testIamPermissions 200
[debug] [2022-10-23T06:53:50.010Z] <<< [apiv2][body] POST https://cloudresourcemanager.googleapis.com/v1/projects/confluence2023:testIamPermissions {"permissions":["firebase.projects.get","firebasehosting.sites.update"]}
[debug] [2022-10-23T06:53:50.012Z] >>> [apiv2][query] GET https://firebase.googleapis.com/v1beta1/projects/confluence2023 [none]
[debug] [2022-10-23T06:53:50.656Z] <<< [apiv2][status] GET https://firebase.googleapis.com/v1beta1/projects/confluence2023 200
[debug] [2022-10-23T06:53:50.656Z] <<< [apiv2][body] GET https://firebase.googleapis.com/v1beta1/projects/confluence2023 {"projectId":"confluence2023","projectNumber":"673601699542","displayName":"confluence2023","name":"projects/confluence2023","resources":{"hostingSite":"confluence2023"},"state":"ACTIVE","etag":"1_055cd976-8bd8-4abb-99c0-5af9870d8c60"}
[info] 
[info] === Deploying to 'confluence2023'...
[info] 
[info] i  deploying hosting 
[debug] [2022-10-23T06:53:50.665Z] >>> [apiv2][query] POST https://firebasehosting.googleapis.com/v1beta1/projects/-/sites/confluence2023/versions [none]
[debug] [2022-10-23T06:53:50.666Z] >>> [apiv2][body] POST https://firebasehosting.googleapis.com/v1beta1/projects/-/sites/confluence2023/versions {"status":"CREATED","labels":{"deployment-tool":"cli-firebase"}}
